<?xml version="1.0" encoding="UTF-8"?>
<!-- Generated by org.testng.reporters.JUnitXMLReporter -->
<testsuite hostname="LAPTOP-ELLM2Q4T" ignored="0" name="Default test" tests="7" failures="0" timestamp="08 Sep 2022 17:03:02 GMT" time="79.003" errors="0">
  <testcase name="tc3" time="3.258" classname="org.testing.TestNgOrder"/>
  <testcase name="tc3" time="2.44" classname="org.testing.TestNgOrder"/>
  <testcase name="tc3" time="3.628" classname="org.testing.TestNgOrder"/>
  <testcase name="tc3" time="2.434" classname="org.testing.TestNgOrder"/>
  <testcase name="tc3" time="2.373" classname="org.testing.TestNgOrder"/>
  <testcase name="tc1" time="2.384" classname="org.testing.TestNgOrder"/>
  <testcase name="tc2" time="2.432" classname="org.testing.TestNgOrder"/>
</testsuite> <!-- Default test -->
